<?xml version="1.0" encoding="UTF-8"?>
<!-- Generated by org.testng.reporters.JUnitReportReporter -->
<testsuite hostname="DESKTOP-TIC5DM4" failures="0" tests="2" name="com.App.Testcases.testrunner" time="42.175" errors="0" timestamp="2024-08-14T16:38:23 IST" skipped="0">
  <testcase classname="com.App.Testcases.testrunner" name="runScenario" time="16.451"/>
  <system-out/>
  <testcase classname="com.App.Testcases.testrunner" name="runScenario" time="25.724"/>
  <system-out/>
</testsuite> <!-- com.App.Testcases.testrunner -->
