<?xml version="1.0" encoding="UTF-8"?>
<!-- Generated by org.testng.reporters.JUnitReportReporter -->
<testsuite hostname="DESKTOP-TIC5DM4" failures="0" tests="1" name="logout" time="4.757" errors="0" timestamp="9 Aug 2024 10:03:28 GMT">
  <testcase classname="logout" name="logOut" time="4.757"/>
</testsuite> <!-- logout -->
