<?xml version="1.0" encoding="UTF-8"?>
<!-- Generated by org.testng.reporters.JUnitReportReporter -->
<testsuite hostname="DESKTOP-TIC5DM4" failures="0" tests="1" name="P2_tc2" time="0.015" errors="0" timestamp="2024-08-09T14:23:25 IST" skipped="0">
  <testcase classname="P2_tc2" name="f" time="0.015"/>
</testsuite> <!-- P2_tc2 -->
