<?xml version="1.0" encoding="UTF-8"?>
<!-- Generated by org.testng.reporters.JUnitReportReporter -->
<testsuite hostname="DESKTOP-TIC5DM4" failures="0" tests="1" name="tc1" time="0.018" errors="0" timestamp="2024-08-09T14:23:25 IST" skipped="0">
  <testcase classname="tc1" name="f" time="0.018"/>
</testsuite> <!-- tc1 -->
