<?xml version="1.0" encoding="UTF-8"?>
<!-- Generated by org.testng.reporters.JUnitReportReporter -->
<testsuite hostname="DESKTOP-TIC5DM4" failures="0" tests="1" name="p3_tc3" time="0.002" errors="0" timestamp="2024-08-09T14:23:25 IST" skipped="0">
  <testcase classname="p3_tc3" name="f" time="0.002"/>
</testsuite> <!-- p3_tc3 -->
