<?xml version="1.0" encoding="UTF-8"?>
<!-- Generated by org.testng.reporters.JUnitReportReporter -->
<testsuite hostname="DESKTOP-TIC5DM4" failures="0" tests="1" name="validCredentials" time="2.326" errors="0" timestamp="9 Aug 2024 10:03:28 GMT">
  <testcase classname="validCredentials" name="validCredent" time="2.326"/>
</testsuite> <!-- validCredentials -->
