<?xml version="1.0" encoding="UTF-8"?>
<!-- Generated by org.testng.reporters.JUnitReportReporter -->
<testsuite hostname="DESKTOP-TIC5DM4" failures="0" tests="5" name="com.App.Testcases.testrunner" time="57.687" errors="0" timestamp="2024-08-14T14:21:27 IST" skipped="0">
  <testcase classname="com.App.Testcases.testrunner" name="runScenario" time="9.704"/>
  <system-out/>
  <testcase classname="com.App.Testcases.testrunner" name="runScenario" time="12.496"/>
  <system-out/>
  <testcase classname="com.App.Testcases.testrunner" name="runScenario" time="11.840"/>
  <system-out/>
  <testcase classname="com.App.Testcases.testrunner" name="runScenario" time="12.509"/>
  <system-out/>
  <testcase classname="com.App.Testcases.testrunner" name="runScenario" time="11.138"/>
  <system-out/>
</testsuite> <!-- com.App.Testcases.testrunner -->
