<?xml version="1.0" encoding="UTF-8"?>
<!-- Generated by org.testng.reporters.JUnitReportReporter -->
<testsuite hostname="DESKTOP-TIC5DM4" failures="0" tests="3" name="Exercise.p6_Priority" time="0.019" errors="0" timestamp="2024-08-08T10:42:00 IST" skipped="0">
  <testcase classname="Exercise.p6_Priority" name="login" time="0.014"/>
  <testcase classname="Exercise.p6_Priority" name="sendEmail" time="0.003"/>
  <testcase classname="Exercise.p6_Priority" name="logout" time="0.002"/>
</testsuite> <!-- Exercise.p6_Priority -->
