<?xml version="1.0" encoding="UTF-8"?>
<!-- Generated by org.testng.reporters.JUnitReportReporter -->
<testsuite hostname="DESKTOP-TIC5DM4" failures="0" tests="1" name="Exercise.test11" time="0.028" errors="0" timestamp="2024-08-08T12:51:09 IST" skipped="0">
  <testcase classname="Exercise.test11" name="f" time="0.028"/>
</testsuite> <!-- Exercise.test11 -->
