<?xml version="1.0" encoding="UTF-8"?>
<!-- Generated by org.testng.reporters.JUnitReportReporter -->
<testsuite hostname="DESKTOP-TIC5DM4" failures="0" tests="1" name="Exercise.Test2" time="22.086" errors="0" timestamp="2024-08-08T12:00:21 IST" skipped="0">
  <testcase classname="Exercise.Test2" name="test2" time="22.086"/>
</testsuite> <!-- Exercise.Test2 -->
