<?xml version="1.0" encoding="UTF-8"?>
<!-- Generated by org.testng.reporters.JUnitReportReporter -->
<testsuite hostname="DESKTOP-TIC5DM4" failures="0" tests="5" name="tc4" time="0.028" errors="0" timestamp="2024-08-07T15:20:55 IST" skipped="0">
  <testcase classname="tc4" name="Login" time="0.016"/>
  <testcase classname="tc4" name="createOrder" time="0.005"/>
  <testcase classname="tc4" name="updateOrder" time="0.003"/>
  <testcase classname="tc4" name="deleteOrder" time="0.002"/>
  <testcase classname="tc4" name="LogOut" time="0.002"/>
</testsuite> <!-- tc4 -->
