<?xml version="1.0" encoding="UTF-8"?>
<!-- Generated by org.testng.reporters.JUnitReportReporter -->
<testsuite hostname="DESKTOP-TIC5DM4" failures="0" tests="1" name="calculatorTest" time="0.013" errors="0" timestamp="2024-08-07T15:02:06 IST" skipped="0">
  <testcase classname="calculatorTest" name="AddTest" time="0.013"/>
</testsuite> <!-- calculatorTest -->
