<?xml version="1.0" encoding="UTF-8"?>
<!-- Generated by org.testng.reporters.JUnitReportReporter -->
<testsuite hostname="DESKTOP-TIC5DM4" failures="0" tests="3" name="Exercise.p5_Data" time="0.027" errors="0" timestamp="2024-08-08T09:45:52 IST" skipped="0">
  <testcase classname="Exercise.p5_Data" name="studentDetails" time="0.002"/>
  <testcase classname="Exercise.p5_Data" name="studentDetails" time="0.003"/>
  <testcase classname="Exercise.p5_Data" name="studentDetails" time="0.022"/>
</testsuite> <!-- Exercise.p5_Data -->
