<?xml version="1.0" encoding="UTF-8"?>
<!-- Generated by org.testng.reporters.JUnitReportReporter -->
<testsuite hostname="DESKTOP-TIC5DM4" failures="0" tests="1" name="Exercise.Test1" time="22.071" errors="0" timestamp="2024-08-08T12:00:21 IST" skipped="0">
  <testcase classname="Exercise.Test1" name="test1" time="22.071"/>
</testsuite> <!-- Exercise.Test1 -->
