<?xml version="1.0" encoding="UTF-8"?>
<!-- Generated by org.testng.reporters.JUnitReportReporter -->
<testsuite hostname="DESKTOP-TIC5DM4" failures="0" tests="1" name="lab_LaunchTheApplication" time="0.023" errors="0" timestamp="2024-08-08T07:02:52 IST" skipped="0">
  <testcase classname="lab_LaunchTheApplication" name="f" time="0.023"/>
</testsuite> <!-- lab_LaunchTheApplication -->
