<?xml version="1.0" encoding="UTF-8"?>
<!-- Generated by org.testng.reporters.JUnitReportReporter -->
<testsuite hostname="DESKTOP-TIC5DM4" failures="0" tests="1" name="Exercise.P1_String" time="0.015" errors="0" timestamp="2024-08-08T09:22:15 IST" skipped="0">
  <testcase classname="Exercise.P1_String" name="stringLengthTest" time="0.015"/>
</testsuite> <!-- Exercise.P1_String -->
