<?xml version="1.0" encoding="UTF-8"?>
<!-- Generated by org.testng.reporters.JUnitReportReporter -->
<testsuite hostname="DESKTOP-TIC5DM4" failures="0" tests="3" name="tc3_priority" time="0.026" errors="0" timestamp="2024-08-07T15:13:29 IST" skipped="0">
  <testcase classname="tc3_priority" name="cat" time="0.004"/>
  <testcase classname="tc3_priority" name="Banana" time="0.007"/>
  <testcase classname="tc3_priority" name="Apple" time="0.015"/>
</testsuite> <!-- tc3_priority -->
