<?xml version="1.0" encoding="UTF-8"?>
<!-- Generated by org.testng.reporters.JUnitReportReporter -->
<testsuite hostname="DESKTOP-TIC5DM4" failures="0" tests="6" name="Lab_Priority" time="0.030" errors="0" timestamp="2024-08-08T07:10:29 IST" skipped="0">
  <testcase classname="Lab_Priority" name="register" time="0.015"/>
  <testcase classname="Lab_Priority" name="login" time="0.004"/>
  <testcase classname="Lab_Priority" name="readEmail" time="0.001"/>
  <testcase classname="Lab_Priority" name="sendEmail" time="0.003"/>
  <testcase classname="Lab_Priority" name="deleteEmail" time="0.003"/>
  <testcase classname="Lab_Priority" name="logout" time="0.004"/>
</testsuite> <!-- Lab_Priority -->
