<?xml version="1.0" encoding="UTF-8"?>
<!-- Generated by org.testng.reporters.JUnitReportReporter -->
<testsuite hostname="DESKTOP-TIC5DM4" failures="0" tests="3" name="Exercise.p3_test" time="0.025" errors="0" timestamp="2024-08-08T09:35:17 IST" skipped="0">
  <testcase classname="Exercise.p3_test" name="testCase3" time="0.004"/>
  <testcase classname="Exercise.p3_test" name="testCase2" time="0.006"/>
  <testcase classname="Exercise.p3_test" name="testCase1" time="0.015"/>
</testsuite> <!-- Exercise.p3_test -->
