<?xml version="1.0" encoding="UTF-8"?>
<!-- Generated by org.testng.reporters.JUnitReportReporter -->
<testsuite hostname="DESKTOP-TIC5DM4" failures="0" tests="1" name="Exercise.chromeTest" time="0.021" errors="0" timestamp="2024-08-08T18:23:34 IST" skipped="0">
  <testcase classname="Exercise.chromeTest" name="f" time="0.021"/>
</testsuite> <!-- Exercise.chromeTest -->
