<?xml version="1.0" encoding="UTF-8"?>
<!-- Generated by org.testng.reporters.JUnitReportReporter -->
<testsuite hostname="DESKTOP-TIC5DM4" failures="0" tests="2" name="Exercise.p4_method" time="0.013" errors="0" timestamp="2024-08-08T09:38:44 IST" skipped="0">
  <testcase classname="Exercise.p4_method" name="testCase1" time="0.011"/>
  <testcase classname="Exercise.p4_method" name="testCase2" time="0.002"/>
</testsuite> <!-- Exercise.p4_method -->
