<?xml version="1.0" encoding="UTF-8"?>
<!-- Generated by org.testng.reporters.JUnitReportReporter -->
<testsuite hostname="DESKTOP-TIC5DM4" failures="0" tests="1" name="testrunner" time="0.182" errors="0" timestamp="2024-08-12T15:50:38 IST" skipped="0">
  <testcase classname="testrunner" name="runScenario" time="0.182"/>
  <system-out/>
</testsuite> <!-- testrunner -->
