<?xml version="1.0" encoding="UTF-8"?>
<!-- Generated by org.testng.reporters.JUnitReportReporter -->
<testsuite hostname="DESKTOP-TIC5DM4" failures="0" tests="1" name="tc1" time="0.011" errors="0" timestamp="9 Aug 2024 09:34:10 GMT">
  <testcase classname="tc1" name="f" time="0.011"/>
</testsuite> <!-- tc1 -->
