<?xml version="1.0" encoding="UTF-8"?>
<!-- Generated by org.testng.reporters.JUnitReportReporter -->
<testsuite hostname="DESKTOP-TIC5DM4" failures="0" tests="1" name="p3_tc3" time="0.001" errors="0" timestamp="9 Aug 2024 09:34:10 GMT">
  <testcase classname="p3_tc3" name="f" time="0.001"/>
</testsuite> <!-- p3_tc3 -->
