<?xml version="1.0" encoding="UTF-8"?>
<!-- Generated by org.testng.reporters.JUnitReportReporter -->
<testsuite hostname="DESKTOP-TIC5DM4" failures="0" tests="1" name="P2_tc2" time="0.016" errors="0" timestamp="9 Aug 2024 09:34:10 GMT">
  <testcase classname="P2_tc2" name="f" time="0.016"/>
</testsuite> <!-- P2_tc2 -->
