<?xml version="1.0" encoding="UTF-8"?>
<!-- Generated by org.testng.reporters.JUnitReportReporter -->
<testsuite hostname="DESKTOP-TIC5DM4" failures="0" tests="1" name="testrunner" time="0.017" errors="0" timestamp="2024-09-02T12:33:29 IST" skipped="0">
  <testcase classname="testrunner" name="f" time="0.017"/>
</testsuite> <!-- testrunner -->
