<?xml version="1.0" encoding="UTF-8"?>
<!-- Generated by org.testng.reporters.JUnitReportReporter -->
<testsuite hostname="DESKTOP-TIC5DM4" failures="0" tests="1" name="Package.tc1" time="9.531" errors="0" timestamp="22 Aug 2024 08:54:21 GMT">
  <testcase classname="Package.tc1" name="f" time="9.531"/>
</testsuite> <!-- Package.tc1 -->
