<?xml version="1.0" encoding="UTF-8"?>
<!-- Generated by org.testng.reporters.JUnitReportReporter -->
<testsuite hostname="DESKTOP-TIC5DM4" failures="0" tests="1" name="package1.tc2" time="7.973" errors="0" timestamp="22 Aug 2024 07:51:27 GMT">
  <testcase classname="package1.tc2" name="f" time="7.973"/>
</testsuite> <!-- package1.tc2 -->
