<?xml version="1.0" encoding="UTF-8"?>
<!-- Generated by org.testng.reporters.JUnitReportReporter -->
<testsuite hostname="DESKTOP-TIC5DM4" failures="0" tests="6" name="testrunner" time="104.326" errors="0" timestamp="2024-08-13T11:22:41 IST" skipped="0">
  <testcase classname="testrunner" name="runScenario" time="18.259"/>
  <system-out/>
  <testcase classname="testrunner" name="runScenario" time="11.430"/>
  <system-out/>
  <testcase classname="testrunner" name="runScenario" time="14.967"/>
  <system-out/>
  <testcase classname="testrunner" name="runScenario" time="28.466"/>
  <system-out/>
  <testcase classname="testrunner" name="runScenario" time="15.892"/>
  <system-out/>
  <testcase classname="testrunner" name="runScenario" time="15.312"/>
  <system-out/>
</testsuite> <!-- testrunner -->
