<?xml version="1.0" encoding="UTF-8"?>
<!-- Generated by org.testng.reporters.JUnitReportReporter -->
<testsuite hostname="DESKTOP-TIC5DM4" failures="0" tests="1" name="NewTest" time="0.011" errors="0" timestamp="2024-08-08T18:41:46 IST" skipped="0">
  <testcase classname="NewTest" name="f" time="0.011"/>
</testsuite> <!-- NewTest -->
