<?xml version="1.0" encoding="UTF-8"?>
<!-- Generated by org.testng.reporters.JUnitReportReporter -->
<testsuite hostname="DESKTOP-TIC5DM4" failures="0" tests="2" name="pack1.login" time="3.459" errors="0" timestamp="2024-08-09T07:42:20 IST" skipped="0">
  <testcase classname="pack1.login" name="login" time="3.455"/>
  <testcase classname="pack1.login" name="f" time="0.004"/>
</testsuite> <!-- pack1.login -->
