<?xml version="1.0" encoding="UTF-8"?>
<!-- Generated by org.testng.reporters.JUnitReportReporter -->
<testsuite hostname="DESKTOP-TIC5DM4" failures="0" tests="2" name="pack1.InvalidCredentials" time="2.359" errors="0" timestamp="2024-08-09T07:42:20 IST" skipped="0">
  <testcase classname="pack1.InvalidCredentials" name="f" time="0.003"/>
  <testcase classname="pack1.InvalidCredentials" name="verifyLogo" time="2.356"/>
</testsuite> <!-- pack1.InvalidCredentials -->
