<?xml version="1.0" encoding="UTF-8"?>
<!-- Generated by org.testng.reporters.JUnitReportReporter -->
<testsuite hostname="DESKTOP-TIC5DM4" failures="0" tests="1" name="ReportGenerator" time="0.012" errors="0" timestamp="9 Aug 2024 11:40:09 GMT">
  <testcase classname="ReportGenerator" name="f" time="0.012"/>
</testsuite> <!-- ReportGenerator -->
