<?xml version="1.0" encoding="UTF-8"?>
<!-- Generated by org.testng.reporters.JUnitReportReporter -->
<testsuite hostname="DESKTOP-TIC5DM4" failures="0" tests="1" name="logout" time="5.112" errors="0" timestamp="9 Aug 2024 10:54:19 GMT">
  <testcase classname="logout" name="logOut" time="5.112"/>
</testsuite> <!-- logout -->
